Début Test
devenirlibre
audacieusement_positive
https://www.instagram.com/audacieusement_positive/
String issu d'Instagram :10.1K
Le nbr de followers contient des virgules ou la lettre K
10.1
10.1
Nbr x 1000 : 10100.0
10100.0
Pas dans la range d'abonnés
[]
Début Test
devenirlibre
date and time = 18/11/2022 18:25:12
<selenium.webdriver.remote.webelement.WebElement (session="b6fb968dc5534a4bc7e6c086d6440ca5", element="775b4944-3060-4a9d-a8d7-cd6957b0dff5")>
audacieusement_positive
https://www.instagram.com/audacieusement_positive/
String issu d'Instagram :10.1K
Le nbr de followers contient des virgules ou la lettre K
10.1
10.1
Nbr x 1000 : 10100.0
10100.0
Pas dans la range d'abonnés
[]
